[0m11:23:19.993574 [debug] [MainThread]: Sending event: {'category': 'dbt', 'action': 'invocation', 'label': 'start', 'context': [<snowplow_tracker.self_describing_json.SelfDescribingJson object at 0x1064be120>, <snowplow_tracker.self_describing_json.SelfDescribingJson object at 0x107e4bb10>, <snowplow_tracker.self_describing_json.SelfDescribingJson object at 0x107e4bd90>]}


============================== 11:23:19.999044 | 1089c2d6-ac4a-4ee9-982c-e3663532a3d0 ==============================
[0m11:23:19.999044 [info ] [MainThread]: Running with dbt=1.8.8
[0m11:23:19.999361 [debug] [MainThread]: running dbt with arguments {'printer_width': '80', 'indirect_selection': 'eager', 'write_json': 'True', 'log_cache_events': 'False', 'partial_parse': 'True', 'cache_selected_only': 'False', 'warn_error': 'None', 'fail_fast': 'False', 'debug': 'False', 'log_path': 'logs', 'version_check': 'True', 'profiles_dir': '/Users/alexandredantec/.dbt', 'use_colors': 'True', 'use_experimental_parser': 'False', 'empty': 'None', 'quiet': 'False', 'no_print': 'None', 'warn_error_options': 'WarnErrorOptions(include=[], exclude=[])', 'static_parser': 'True', 'introspect': 'True', 'log_format': 'default', 'target_path': 'None', 'invocation_command': 'dbt init dbt_payment_data', 'send_anonymous_usage_stats': 'True'}
[0m11:23:20.006560 [debug] [MainThread]: Starter project path: /Users/alexandredantec/alex/dev/dbt_payment_data/dbt-env/lib/python3.13/site-packages/dbt/include/starter_project
[0m11:23:20.013274 [info ] [MainThread]: 
Your new dbt project "dbt_payment_data" was created!

For more information on how to configure the profiles.yml file,
please consult the dbt documentation here:

  https://docs.getdbt.com/docs/configure-your-profile

One more thing:

Need help? Don't hesitate to reach out to us via GitHub issues or on Slack:

  https://community.getdbt.com/

Happy modeling!

[0m11:23:20.013527 [info ] [MainThread]: Setting up your profile.
[0m11:24:44.983846 [info ] [MainThread]: Profile dbt_payment_data written to /Users/alexandredantec/.dbt/profiles.yml using target's profile_template.yml and your supplied values. Run 'dbt debug' to validate the connection.
[0m11:24:45.008092 [debug] [MainThread]: Resource report: {"command_name": "init", "command_success": true, "command_wall_clock_time": 85.05596, "process_user_time": 1.318998, "process_kernel_time": 0.351511, "process_mem_max_rss": "186105856", "process_in_blocks": "0", "process_out_blocks": "0"}
[0m11:24:45.009641 [debug] [MainThread]: Command `dbt init` succeeded at 11:24:45.009403 after 85.06 seconds
[0m11:24:45.010687 [debug] [MainThread]: Sending event: {'category': 'dbt', 'action': 'invocation', 'label': 'end', 'context': [<snowplow_tracker.self_describing_json.SelfDescribingJson object at 0x10dba4c30>, <snowplow_tracker.self_describing_json.SelfDescribingJson object at 0x107be0cb0>, <snowplow_tracker.self_describing_json.SelfDescribingJson object at 0x10dd6b790>]}
[0m11:24:45.011471 [debug] [MainThread]: Flushing usage events
[0m11:24:54.148425 [debug] [MainThread]: Sending event: {'category': 'dbt', 'action': 'invocation', 'label': 'start', 'context': [<snowplow_tracker.self_describing_json.SelfDescribingJson object at 0x106de9fd0>, <snowplow_tracker.self_describing_json.SelfDescribingJson object at 0x10873fd90>, <snowplow_tracker.self_describing_json.SelfDescribingJson object at 0x10873fed0>]}


============================== 11:24:54.150893 | 5c47abfa-bed8-4748-9333-b6dda5f5e8ea ==============================
[0m11:24:54.150893 [info ] [MainThread]: Running with dbt=1.8.8
[0m11:24:54.151195 [debug] [MainThread]: running dbt with arguments {'printer_width': '80', 'indirect_selection': 'eager', 'write_json': 'True', 'log_cache_events': 'False', 'partial_parse': 'True', 'cache_selected_only': 'False', 'warn_error': 'None', 'debug': 'False', 'fail_fast': 'False', 'log_path': 'logs', 'version_check': 'True', 'profiles_dir': '/Users/alexandredantec/.dbt', 'use_colors': 'True', 'use_experimental_parser': 'False', 'empty': 'None', 'quiet': 'False', 'no_print': 'None', 'log_format': 'default', 'introspect': 'True', 'warn_error_options': 'WarnErrorOptions(include=[], exclude=[])', 'static_parser': 'True', 'target_path': 'None', 'invocation_command': 'dbt debug', 'send_anonymous_usage_stats': 'True'}
[0m11:24:54.162035 [info ] [MainThread]: dbt version: 1.8.8
[0m11:24:54.162286 [info ] [MainThread]: python version: 3.13.0
[0m11:24:54.162434 [info ] [MainThread]: python path: /Users/alexandredantec/alex/dev/dbt_payment_data/dbt-env/bin/python3
[0m11:24:54.162574 [info ] [MainThread]: os info: macOS-14.5-arm64-arm-64bit-Mach-O
[0m11:24:54.669410 [info ] [MainThread]: Using profiles dir at /Users/alexandredantec/.dbt
[0m11:24:54.669673 [info ] [MainThread]: Using profiles.yml file at /Users/alexandredantec/.dbt/profiles.yml
[0m11:24:54.669820 [info ] [MainThread]: Using dbt_project.yml file at /Users/alexandredantec/alex/dev/dbt_payment_data/dbt_project.yml
[0m11:24:54.669984 [error] [MainThread]: Encountered an error:
Internal Error
  Profile should not be None if loading profile completed
[0m11:24:54.671036 [debug] [MainThread]: Resource report: {"command_name": "debug", "command_wall_clock_time": 0.554391, "process_user_time": 0.900271, "process_kernel_time": 0.172334, "process_mem_max_rss": "189104128", "command_success": false, "process_in_blocks": "0", "process_out_blocks": "0"}
[0m11:24:54.671283 [debug] [MainThread]: Command `dbt debug` failed at 11:24:54.671234 after 0.55 seconds
[0m11:24:54.671447 [debug] [MainThread]: Sending event: {'category': 'dbt', 'action': 'invocation', 'label': 'end', 'context': [<snowplow_tracker.self_describing_json.SelfDescribingJson object at 0x10ea86ea0>, <snowplow_tracker.self_describing_json.SelfDescribingJson object at 0x10e41d5b0>, <snowplow_tracker.self_describing_json.SelfDescribingJson object at 0x10eb14160>]}
[0m11:24:54.671618 [debug] [MainThread]: Flushing usage events
[0m12:16:54.398808 [debug] [MainThread]: Sending event: {'category': 'dbt', 'action': 'invocation', 'label': 'start', 'context': [<snowplow_tracker.self_describing_json.SelfDescribingJson object at 0x106e81fd0>, <snowplow_tracker.self_describing_json.SelfDescribingJson object at 0x1087d7d90>, <snowplow_tracker.self_describing_json.SelfDescribingJson object at 0x1087d7ed0>]}


============================== 12:16:54.402055 | d250d7e5-49df-4873-8c26-e35eab9c0c4f ==============================
[0m12:16:54.402055 [info ] [MainThread]: Running with dbt=1.8.8
[0m12:16:54.402416 [debug] [MainThread]: running dbt with arguments {'printer_width': '80', 'indirect_selection': 'eager', 'log_cache_events': 'False', 'write_json': 'True', 'partial_parse': 'True', 'cache_selected_only': 'False', 'profiles_dir': '/Users/alexandredantec/.dbt', 'version_check': 'True', 'warn_error': 'None', 'log_path': 'logs', 'debug': 'False', 'fail_fast': 'False', 'use_colors': 'True', 'use_experimental_parser': 'False', 'no_print': 'None', 'quiet': 'False', 'empty': 'False', 'warn_error_options': 'WarnErrorOptions(include=[], exclude=[])', 'invocation_command': 'dbt run', 'static_parser': 'True', 'log_format': 'default', 'target_path': 'None', 'introspect': 'True', 'send_anonymous_usage_stats': 'True'}
[0m12:16:54.402771 [error] [MainThread]: Encountered an error:
Runtime Error
  No dbt_project.yml found at expected path /Users/alexandredantec/alex/dev/dbt_payment_data/dbt_project.yml
  Verify that each entry within packages.yml (and their transitive dependencies) contains a file named dbt_project.yml
  
[0m12:16:54.404513 [debug] [MainThread]: Resource report: {"command_name": "run", "command_wall_clock_time": 0.04486079, "process_user_time": 0.596879, "process_kernel_time": 0.125953, "process_mem_max_rss": "92176384", "command_success": false, "process_in_blocks": "0", "process_out_blocks": "0"}
[0m12:16:54.404916 [debug] [MainThread]: Command `dbt run` failed at 12:16:54.404845 after 0.05 seconds
[0m12:16:54.405140 [debug] [MainThread]: Sending event: {'category': 'dbt', 'action': 'invocation', 'label': 'end', 'context': [<snowplow_tracker.self_describing_json.SelfDescribingJson object at 0x10880d220>, <snowplow_tracker.self_describing_json.SelfDescribingJson object at 0x10855deb0>, <snowplow_tracker.self_describing_json.SelfDescribingJson object at 0x1084d3ac0>]}
[0m12:16:54.405332 [debug] [MainThread]: Flushing usage events
